{"uuid":"8dfbc5aa-5dcb-43d3-8c5c-b45d1ad148c0","historyId":"62a3769d6231e365dbd0c5b92b703d35","fullName":"Request tag: Request \"200\" tags successfully","labels":[{"name":"tag","value":"NewDesign"},{"name":"tag","value":"RequestTag"},{"name":"host","value":"LAPTOP-P7C3MRPL"},{"name":"thread","value":"19124@LAPTOP-P7C3MRPL.TestNG-PoolService-0(17)"},{"name":"feature","value":"Request tag"},{"name":"story","value":"Request \"200\" tags successfully"},{"name":"suite","value":"Request tag"},{"name":"testClass","value":"Request \"200\" tags successfully"},{"name":"framework","value":"cucumber4jvm"},{"name":"language","value":"java"},{"name":"gherkin_uri","value":"file:///D:/Automation_Testing/andreas-vizzion-auto/src/test/resources/features/NewDesign/User/RequestTag.feature"},{"name":"package","value":"src.test.resources.features.NewDesign.User.RequestTag_feature.Request tag"}],"links":[],"name":"Request \"200\" tags successfully","status":"broken","statusDetails":{"known":false,"muted":false,"flaky":false,"message":"Expected condition failed: waiting for element to be clickable: [[ChromeDriver: chrome on windows (23d7b0db36afa710ac35e7e04a003e17)] -> css selector: button#submit-purchase-tags-btn] (tried for 300 second(s) with 500 milliseconds interval)\nBuild info: version: '4.11.0', revision: '040bc5406b'\nSystem info: os.name: 'Windows 11', os.arch: 'amd64', os.version: '10.0', java.version: '11.0.17'\nDriver info: org.openqa.selenium.chrome.ChromeDriver\nCapabilities {acceptInsecureCerts: false, browserName: chrome, browserVersion: 122.0.6261.131, chrome: {chromedriverVersion: 122.0.6261.128 (f18a44fedeb..., userDataDir: C:\\Users\\NGUYEN\\AppData\\Loc...}, fedcm:accounts: true, goog:chromeOptions: {debuggerAddress: localhost:53676}, networkConnectionEnabled: false, pageLoadStrategy: normal, platformName: windows, proxy: Proxy(), se:cdp: ws://localhost:53676/devtoo..., se:cdpVersion: 122.0.6261.131, setWindowRect: true, strictFileInteractability: false, timeouts: {implicit: 0, pageLoad: 300000, script: 30000}, unhandledPromptBehavior: dismiss and notify, webauthn:extension:credBlob: true, webauthn:extension:largeBlob: true, webauthn:extension:minPinLength: true, webauthn:extension:prf: true, webauthn:virtualAuthenticators: true}\nSession ID: 23d7b0db36afa710ac35e7e04a003e17","trace":"org.openqa.selenium.TimeoutException: Expected condition failed: waiting for element to be clickable: [[ChromeDriver: chrome on windows (23d7b0db36afa710ac35e7e04a003e17)] -> css selector: button#submit-purchase-tags-btn] (tried for 300 second(s) with 500 milliseconds interval)\nBuild info: version: '4.11.0', revision: '040bc5406b'\nSystem info: os.name: 'Windows 11', os.arch: 'amd64', os.version: '10.0', java.version: '11.0.17'\nDriver info: org.openqa.selenium.chrome.ChromeDriver\nCapabilities {acceptInsecureCerts: false, browserName: chrome, browserVersion: 122.0.6261.131, chrome: {chromedriverVersion: 122.0.6261.128 (f18a44fedeb..., userDataDir: C:\\Users\\NGUYEN\\AppData\\Loc...}, fedcm:accounts: true, goog:chromeOptions: {debuggerAddress: localhost:53676}, networkConnectionEnabled: false, pageLoadStrategy: normal, platformName: windows, proxy: Proxy(), se:cdp: ws://localhost:53676/devtoo..., se:cdpVersion: 122.0.6261.131, setWindowRect: true, strictFileInteractability: false, timeouts: {implicit: 0, pageLoad: 300000, script: 30000}, unhandledPromptBehavior: dismiss and notify, webauthn:extension:credBlob: true, webauthn:extension:largeBlob: true, webauthn:extension:minPinLength: true, webauthn:extension:prf: true, webauthn:virtualAuthenticators: true}\nSession ID: 23d7b0db36afa710ac35e7e04a003e17\r\n\tat org.openqa.selenium.support.ui.WebDriverWait.timeoutException(WebDriverWait.java:84)\r\n\tat org.openqa.selenium.support.ui.FluentWait.until(FluentWait.java:230)\r\n\tat pageobjects.BasePage.waitForElementClickable(BasePage.java:568)\r\n\tat pageobjects.user.NewDesignDashboardPage.clickOnSendRequestTag(NewDesignDashboardPage.java:182)\r\n\tat steps.newdesign.DashboardStep.userClicksOnSendRequestButton(DashboardStep.java:73)\r\n\tat ✽.user clicks on Send request button(file:///D:/Automation_Testing/andreas-vizzion-auto/src/test/resources/features/NewDesign/User/RequestTag.feature:11)\r\n"},"stage":"finished","steps":[{"name":"Given  user logged in","status":"passed","statusDetails":{"known":false,"muted":false,"flaky":false},"stage":"finished","steps":[],"attachments":[],"parameters":[],"start":1711360209705,"stop":1711360264479},{"name":"When  user clicks on Request Tags button","status":"passed","statusDetails":{"known":false,"muted":false,"flaky":false},"stage":"finished","steps":[],"attachments":[],"parameters":[],"start":1711360264479,"stop":1711360272279},{"name":"And  user inputs \"Emma200\",\"Tran200\",\"emma200@nustechnology.com\",\"Request tags note200\"","status":"passed","statusDetails":{"known":false,"muted":false,"flaky":false},"stage":"finished","steps":[],"attachments":[],"parameters":[],"start":1711360272279,"stop":1711360273972},{"name":"And  user chooses amount of tag as \"200\"","status":"passed","statusDetails":{"known":false,"muted":false,"flaky":false},"stage":"finished","steps":[],"attachments":[],"parameters":[],"start":1711360273972,"stop":1711360274305},{"name":"And  user clicks on Send request button","status":"broken","statusDetails":{"known":false,"muted":false,"flaky":false,"message":"Expected condition failed: waiting for element to be clickable: [[ChromeDriver: chrome on windows (23d7b0db36afa710ac35e7e04a003e17)] -> css selector: button#submit-purchase-tags-btn] (tried for 300 second(s) with 500 milliseconds interval)\nBuild info: version: '4.11.0', revision: '040bc5406b'\nSystem info: os.name: 'Windows 11', os.arch: 'amd64', os.version: '10.0', java.version: '11.0.17'\nDriver info: org.openqa.selenium.chrome.ChromeDriver\nCapabilities {acceptInsecureCerts: false, browserName: chrome, browserVersion: 122.0.6261.131, chrome: {chromedriverVersion: 122.0.6261.128 (f18a44fedeb..., userDataDir: C:\\Users\\NGUYEN\\AppData\\Loc...}, fedcm:accounts: true, goog:chromeOptions: {debuggerAddress: localhost:53676}, networkConnectionEnabled: false, pageLoadStrategy: normal, platformName: windows, proxy: Proxy(), se:cdp: ws://localhost:53676/devtoo..., se:cdpVersion: 122.0.6261.131, setWindowRect: true, strictFileInteractability: false, timeouts: {implicit: 0, pageLoad: 300000, script: 30000}, unhandledPromptBehavior: dismiss and notify, webauthn:extension:credBlob: true, webauthn:extension:largeBlob: true, webauthn:extension:minPinLength: true, webauthn:extension:prf: true, webauthn:virtualAuthenticators: true}\nSession ID: 23d7b0db36afa710ac35e7e04a003e17","trace":"org.openqa.selenium.TimeoutException: Expected condition failed: waiting for element to be clickable: [[ChromeDriver: chrome on windows (23d7b0db36afa710ac35e7e04a003e17)] -> css selector: button#submit-purchase-tags-btn] (tried for 300 second(s) with 500 milliseconds interval)\nBuild info: version: '4.11.0', revision: '040bc5406b'\nSystem info: os.name: 'Windows 11', os.arch: 'amd64', os.version: '10.0', java.version: '11.0.17'\nDriver info: org.openqa.selenium.chrome.ChromeDriver\nCapabilities {acceptInsecureCerts: false, browserName: chrome, browserVersion: 122.0.6261.131, chrome: {chromedriverVersion: 122.0.6261.128 (f18a44fedeb..., userDataDir: C:\\Users\\NGUYEN\\AppData\\Loc...}, fedcm:accounts: true, goog:chromeOptions: {debuggerAddress: localhost:53676}, networkConnectionEnabled: false, pageLoadStrategy: normal, platformName: windows, proxy: Proxy(), se:cdp: ws://localhost:53676/devtoo..., se:cdpVersion: 122.0.6261.131, setWindowRect: true, strictFileInteractability: false, timeouts: {implicit: 0, pageLoad: 300000, script: 30000}, unhandledPromptBehavior: dismiss and notify, webauthn:extension:credBlob: true, webauthn:extension:largeBlob: true, webauthn:extension:minPinLength: true, webauthn:extension:prf: true, webauthn:virtualAuthenticators: true}\nSession ID: 23d7b0db36afa710ac35e7e04a003e17\r\n\tat org.openqa.selenium.support.ui.WebDriverWait.timeoutException(WebDriverWait.java:84)\r\n\tat org.openqa.selenium.support.ui.FluentWait.until(FluentWait.java:230)\r\n\tat pageobjects.BasePage.waitForElementClickable(BasePage.java:568)\r\n\tat pageobjects.user.NewDesignDashboardPage.clickOnSendRequestTag(NewDesignDashboardPage.java:182)\r\n\tat steps.newdesign.DashboardStep.userClicksOnSendRequestButton(DashboardStep.java:73)\r\n\tat ✽.user clicks on Send request button(file:///D:/Automation_Testing/andreas-vizzion-auto/src/test/resources/features/NewDesign/User/RequestTag.feature:11)\r\n"},"stage":"finished","steps":[],"attachments":[],"parameters":[],"start":1711360274305,"stop":1711360574413},{"name":"And  user confirms purchase tag","status":"skipped","statusDetails":{"known":false,"muted":false,"flaky":false},"stage":"finished","steps":[],"attachments":[],"parameters":[],"start":1711360574413,"stop":1711360574413},{"name":"Then  successful message displays as \"Request confirmed\" and \"We will reach out to your account contact with a purchase order to complete the request.\"","status":"skipped","statusDetails":{"known":false,"muted":false,"flaky":false},"stage":"finished","steps":[],"attachments":[],"parameters":[],"start":1711360574413,"stop":1711360574413},{"name":"When  user clicks on Done button form successfully request tag message","status":"skipped","statusDetails":{"known":false,"muted":false,"flaky":false},"stage":"finished","steps":[],"attachments":[],"parameters":[],"start":1711360574413,"stop":1711360574413},{"name":"Then  successfully request tag message disappears","status":"skipped","statusDetails":{"known":false,"muted":false,"flaky":false},"stage":"finished","steps":[],"attachments":[],"parameters":[],"start":1711360574413,"stop":1711360574413}],"attachments":[],"parameters":[{"name":"First Name","value":"Emma200"},{"name":"Last Name","value":"Tran200"},{"name":"Email","value":"emma200@nustechnology.com"},{"name":"Notes","value":"Request tags note200"},{"name":"Amount of tags","value":"200"}],"start":1711360204047,"stop":1711360575467}