{"uuid":"9bc52f6b-4da0-4677-beb0-733186b83820","historyId":"be799e77652a42a7d4629ab6039c0f93","fullName":"Search User: Search User successfully","labels":[{"name":"tag","value":"NewDesign"},{"name":"tag","value":"SearchUser"},{"name":"host","value":"LAPTOP-P7C3MRPL"},{"name":"thread","value":"19124@LAPTOP-P7C3MRPL.TestNG-PoolService-0(17)"},{"name":"feature","value":"Search User"},{"name":"story","value":"Search User successfully"},{"name":"suite","value":"Search User"},{"name":"testClass","value":"Search User successfully"},{"name":"framework","value":"cucumber4jvm"},{"name":"language","value":"java"},{"name":"gherkin_uri","value":"file:///D:/Automation_Testing/andreas-vizzion-auto/src/test/resources/features/NewDesign/User/ManageUser/SearchUser.feature"},{"name":"package","value":"src.test.resources.features.NewDesign.User.ManageUser.SearchUser_feature.Search User"}],"links":[],"name":"Search User successfully","status":"failed","statusDetails":{"known":false,"muted":false,"flaky":false,"message":"expected [1] but found [11]","trace":"java.lang.AssertionError: expected [1] but found [11]\r\n\tat org.testng.Assert.fail(Assert.java:111)\r\n\tat org.testng.Assert.failNotEquals(Assert.java:1578)\r\n\tat org.testng.Assert.assertEqualsImpl(Assert.java:150)\r\n\tat org.testng.Assert.assertEquals(Assert.java:132)\r\n\tat org.testng.Assert.assertEquals(Assert.java:656)\r\n\tat org.testng.Assert.assertEquals(Assert.java:666)\r\n\tat steps.newdesign.DashboardStep.successfulAndItemPerPageIsMatched(DashboardStep.java:237)\r\n\tat ✽.successful and item per page is matched \"1\"(file:///D:/Automation_Testing/andreas-vizzion-auto/src/test/resources/features/NewDesign/User/ManageUser/SearchUser.feature:17)\r\n"},"stage":"finished","steps":[{"name":"Given  user logged in","status":"passed","statusDetails":{"known":false,"muted":false,"flaky":false},"stage":"finished","steps":[],"attachments":[],"parameters":[],"start":1711359489979,"stop":1711359550996},{"name":"When  user clicks on Manage View button at Dashboard page","status":"passed","statusDetails":{"known":false,"muted":false,"flaky":false},"stage":"finished","steps":[],"attachments":[],"parameters":[],"start":1711359550996,"stop":1711359598145},{"name":"And  user click on Users & Role button","status":"passed","statusDetails":{"known":false,"muted":false,"flaky":false},"stage":"finished","steps":[],"attachments":[],"parameters":[],"start":1711359598145,"stop":1711359598966},{"name":"And  user click on New user button","status":"passed","statusDetails":{"known":false,"muted":false,"flaky":false},"stage":"finished","steps":[],"attachments":[],"parameters":[],"start":1711359598966,"stop":1711359599624},{"name":"And  user creates new user with \"random\",\"random\",\"emma\",\"tran\",\"PHH-User\",\"3 North\",\"account test\",\"PAH\",\"123456789\",\"123456789\"","status":"passed","statusDetails":{"known":false,"muted":false,"flaky":false},"stage":"finished","steps":[],"attachments":[],"parameters":[],"start":1711359599624,"stop":1711359632350},{"name":"And  user clicks on Save User button","status":"passed","statusDetails":{"known":false,"muted":false,"flaky":false},"stage":"finished","steps":[],"attachments":[],"parameters":[],"start":1711359632350,"stop":1711359632572},{"name":"And  user clicks on Done button after create user successfully","status":"passed","statusDetails":{"known":false,"muted":false,"flaky":false},"stage":"finished","steps":[],"attachments":[],"parameters":[],"start":1711359632572,"stop":1711359634021},{"name":"And  user input email \"random\" into Search text box","status":"passed","statusDetails":{"known":false,"muted":false,"flaky":false},"stage":"finished","steps":[],"attachments":[],"parameters":[],"start":1711359634021,"stop":1711359634671},{"name":"Then  check user's data as \"random\",\"emma\",\"tran\",\"account test\",\"3 North\",\"PAH\"","status":"passed","statusDetails":{"known":false,"muted":false,"flaky":false},"stage":"finished","steps":[],"attachments":[],"parameters":[],"start":1711359634671,"stop":1711359635285},{"name":"And  successful and item per page is matched \"1\"","status":"failed","statusDetails":{"known":false,"muted":false,"flaky":false,"message":"expected [1] but found [11]","trace":"java.lang.AssertionError: expected [1] but found [11]\r\n\tat org.testng.Assert.fail(Assert.java:111)\r\n\tat org.testng.Assert.failNotEquals(Assert.java:1578)\r\n\tat org.testng.Assert.assertEqualsImpl(Assert.java:150)\r\n\tat org.testng.Assert.assertEquals(Assert.java:132)\r\n\tat org.testng.Assert.assertEquals(Assert.java:656)\r\n\tat org.testng.Assert.assertEquals(Assert.java:666)\r\n\tat steps.newdesign.DashboardStep.successfulAndItemPerPageIsMatched(DashboardStep.java:237)\r\n\tat ✽.successful and item per page is matched \"1\"(file:///D:/Automation_Testing/andreas-vizzion-auto/src/test/resources/features/NewDesign/User/ManageUser/SearchUser.feature:17)\r\n"},"stage":"finished","steps":[],"attachments":[],"parameters":[],"start":1711359635286,"stop":1711359635336}],"attachments":[],"parameters":[{"name":"Email","value":"random"},{"name":"Logon Name","value":"random"},{"name":"First Name","value":"emma"},{"name":"Last Name","value":"tran"},{"name":"Role","value":"PHH-User"},{"name":"Department","value":"3 North"},{"name":"Title","value":"account test"},{"name":"Entity Owner","value":"PAH"},{"name":"Password","value":"123456789"},{"name":"Password Confirmation","value":"123456789"}],"start":1711359485198,"stop":1711359635651}