{"uuid":"bda5d5a5-9c26-4ca4-bb9d-b314428f7173","historyId":"be799e77652a42a7d4629ab6039c0f93","fullName":"Search User: Search User successfully","labels":[{"name":"tag","value":"NewDesign"},{"name":"tag","value":"SearchUser"},{"name":"host","value":"LAPTOP-P7C3MRPL"},{"name":"thread","value":"19124@LAPTOP-P7C3MRPL.TestNG-PoolService-1(1040)"},{"name":"feature","value":"Search User"},{"name":"story","value":"Search User successfully"},{"name":"suite","value":"Search User"},{"name":"testClass","value":"Search User successfully"},{"name":"framework","value":"cucumber4jvm"},{"name":"language","value":"java"},{"name":"gherkin_uri","value":"file:///D:/Automation_Testing/andreas-vizzion-auto/src/test/resources/features/NewDesign/User/ManageUser/SearchUser.feature"},{"name":"package","value":"src.test.resources.features.NewDesign.User.ManageUser.SearchUser_feature.Search User"}],"links":[],"name":"Search User successfully","status":"failed","statusDetails":{"known":false,"muted":false,"flaky":false,"message":"expected [1] but found [11]","trace":"java.lang.AssertionError: expected [1] but found [11]\r\n\tat org.testng.Assert.fail(Assert.java:111)\r\n\tat org.testng.Assert.failNotEquals(Assert.java:1578)\r\n\tat org.testng.Assert.assertEqualsImpl(Assert.java:150)\r\n\tat org.testng.Assert.assertEquals(Assert.java:132)\r\n\tat org.testng.Assert.assertEquals(Assert.java:656)\r\n\tat org.testng.Assert.assertEquals(Assert.java:666)\r\n\tat steps.newdesign.DashboardStep.successfulAndItemPerPageIsMatched(DashboardStep.java:237)\r\n\tat ✽.successful and item per page is matched \"1\"(file:///D:/Automation_Testing/andreas-vizzion-auto/src/test/resources/features/NewDesign/User/ManageUser/SearchUser.feature:17)\r\n"},"stage":"finished","steps":[{"name":"Given  user logged in","status":"passed","statusDetails":{"known":false,"muted":false,"flaky":false},"stage":"finished","steps":[],"attachments":[],"parameters":[],"start":1711364340007,"stop":1711364349544},{"name":"When  user clicks on Manage View button at Dashboard page","status":"passed","statusDetails":{"known":false,"muted":false,"flaky":false},"stage":"finished","steps":[],"attachments":[],"parameters":[],"start":1711364349544,"stop":1711364526148},{"name":"And  user click on Users & Role button","status":"passed","statusDetails":{"known":false,"muted":false,"flaky":false},"stage":"finished","steps":[],"attachments":[],"parameters":[],"start":1711364526148,"stop":1711364526985},{"name":"And  user click on New user button","status":"passed","statusDetails":{"known":false,"muted":false,"flaky":false},"stage":"finished","steps":[],"attachments":[],"parameters":[],"start":1711364526985,"stop":1711364527646},{"name":"And  user creates new user with \"random\",\"random\",\"emma\",\"tran\",\"PHH-User\",\"3 North\",\"account test\",\"PAH\",\"123456789\",\"123456789\"","status":"passed","statusDetails":{"known":false,"muted":false,"flaky":false},"stage":"finished","steps":[],"attachments":[],"parameters":[],"start":1711364527646,"stop":1711364558227},{"name":"And  user clicks on Save User button","status":"passed","statusDetails":{"known":false,"muted":false,"flaky":false},"stage":"finished","steps":[],"attachments":[],"parameters":[],"start":1711364558227,"stop":1711364558386},{"name":"And  user clicks on Done button after create user successfully","status":"passed","statusDetails":{"known":false,"muted":false,"flaky":false},"stage":"finished","steps":[],"attachments":[],"parameters":[],"start":1711364558386,"stop":1711364559947},{"name":"And  user input email \"random\" into Search text box","status":"passed","statusDetails":{"known":false,"muted":false,"flaky":false},"stage":"finished","steps":[],"attachments":[],"parameters":[],"start":1711364559947,"stop":1711364560561},{"name":"Then  check user's data as \"random\",\"emma\",\"tran\",\"account test\",\"3 North\",\"PAH\"","status":"passed","statusDetails":{"known":false,"muted":false,"flaky":false},"stage":"finished","steps":[],"attachments":[],"parameters":[],"start":1711364560561,"stop":1711364561233},{"name":"And  successful and item per page is matched \"1\"","status":"failed","statusDetails":{"known":false,"muted":false,"flaky":false,"message":"expected [1] but found [11]","trace":"java.lang.AssertionError: expected [1] but found [11]\r\n\tat org.testng.Assert.fail(Assert.java:111)\r\n\tat org.testng.Assert.failNotEquals(Assert.java:1578)\r\n\tat org.testng.Assert.assertEqualsImpl(Assert.java:150)\r\n\tat org.testng.Assert.assertEquals(Assert.java:132)\r\n\tat org.testng.Assert.assertEquals(Assert.java:656)\r\n\tat org.testng.Assert.assertEquals(Assert.java:666)\r\n\tat steps.newdesign.DashboardStep.successfulAndItemPerPageIsMatched(DashboardStep.java:237)\r\n\tat ✽.successful and item per page is matched \"1\"(file:///D:/Automation_Testing/andreas-vizzion-auto/src/test/resources/features/NewDesign/User/ManageUser/SearchUser.feature:17)\r\n"},"stage":"finished","steps":[],"attachments":[],"parameters":[],"start":1711364561233,"stop":1711364561284}],"attachments":[],"parameters":[{"name":"Email","value":"random"},{"name":"Logon Name","value":"random"},{"name":"First Name","value":"emma"},{"name":"Last Name","value":"tran"},{"name":"Role","value":"PHH-User"},{"name":"Department","value":"3 North"},{"name":"Title","value":"account test"},{"name":"Entity Owner","value":"PAH"},{"name":"Password","value":"123456789"},{"name":"Password Confirmation","value":"123456789"}],"start":1711364335040,"stop":1711364561675}